START_TIME 	 18:44::14
dataset loaded successfully in 12m:2s..
Starting CNN_PIPELINE() with:                
{'run_id': 'run1', 'model': 'PMDNResNet50DeepRepViz', 'model_params': {'dataset_size': 14617, 'batch_size': 24, 'task_type': 'classif_binary', 'out_classes': 1, 'debug_print': True, 'pretrained_model': '/ritter/share/data/UKBB_2020/trained_model/r3d50_K_200ep.pth'}, 'model_unique_name': 'PMDN_highalc', 'inp': 'X', 'out': 'highalc', 'n_samples': 14617, 'm__batch_size': 24, 'm__num_epochs': 120, 'm__criterion': "BCEWithLogitsLoss({'reduction': 'mean'})", 'm__optimizer': "Adam({'lr': 0.0005, 'weight_decay': 0.0001})", 'm__scheduler': "StepLR({'step_size': 20, 'gamma': 0.1})", 'm__augmentations': ['SagittalFlip', 'SagittalTranslate'], 'm__earlystop_patience': 15}                
output_dir: /ritter/share/projects/gonzalo/thesis/PMDN/MLPipeline/CNNPipeline/results//PMDNResNet-highalc-t1mniz2-l-highalcl0u2-bingeauditl1u3-alcfreq-c-sex-age-n14617/20230129-1206                
using GPU:  cuda:2                 
---------------- CNNpipeline starting ----------------
###############hi############
:: m__n_params:    47122385
[0,   101] loss: 0.56586
[0,   101] beta loss: 3185149.04412
[0,   202] loss: 0.56297
[0,   202] beta loss: 3180357.09483
[0,   303] loss: 0.56182
[0,   303] beta loss: 3182479.12582
[0,   404] loss: 0.56125
[0,   404] beta loss: 3172751.90864
Time elapsed: 0h:9m:20s
train balanced_accuracy_score: 63.00 %
train accuracy_score: 68.33 %
train explained_deviance: 1.77 %
train mz_rsquare: 30.30 %
val loss: 0.45011
val balanced_accuracy_score: 78.21 %
val accuracy_score: 82.33 %
val explained_deviance: 30.84 %
val mz_rsquare: 23.48 %
[1,   101] loss: 0.54333
[1,   101] beta loss: 3173023.01471
[1,   202] loss: 0.54793
[1,   202] beta loss: 3167072.78448
[1,   303] loss: 0.54463
[1,   303] beta loss: 3173538.52138
[1,   404] loss: 0.53811
[1,   404] beta loss: 3169624.76049
Time elapsed: 0h:19m:47s
train balanced_accuracy_score: 69.28 %
train accuracy_score: 75.00 %
train explained_deviance: 13.42 %
train mz_rsquare: 23.32 %
val loss: 0.45950
val balanced_accuracy_score: 75.76 %
val accuracy_score: 80.75 %
val explained_deviance: 29.39 %
val mz_rsquare: 29.39 %
[2,   101] loss: 0.50509
[2,   101] beta loss: 3151492.34559
[2,   202] loss: 0.51979
[2,   202] beta loss: 3158901.74754
[2,   303] loss: 0.51963
[2,   303] beta loss: 3164002.39885
[2,   404] loss: 0.52079
[2,   404] beta loss: 3159736.99815
Time elapsed: 0h:30m:19s
train balanced_accuracy_score: 73.99 %
train accuracy_score: 78.33 %
train explained_deviance: 23.31 %
train mz_rsquare: 28.06 %
val loss: 0.46415
val balanced_accuracy_score: 74.51 %
val accuracy_score: 79.37 %
val explained_deviance: 28.68 %
val mz_rsquare: 27.78 %
[3,   101] loss: 0.46595
[3,   101] beta loss: 3148476.25980
[3,   202] loss: 0.48343
[3,   202] beta loss: 3150002.49631
[3,   303] loss: 0.49126
[3,   303] beta loss: 3150579.83141
[3,   404] loss: 0.49745
[3,   404] beta loss: 3144864.03272
Time elapsed: 0h:40m:48s
train balanced_accuracy_score: 77.50 %
train accuracy_score: 80.83 %
train explained_deviance: 28.56 %
train mz_rsquare: 35.49 %
val loss: 0.49813
val balanced_accuracy_score: 69.48 %
val accuracy_score: 76.27 %
val explained_deviance: 23.46 %
val mz_rsquare: 27.15 %
[4,   101] loss: 0.48196
[4,   101] beta loss: 3141010.05637
[4,   202] loss: 0.48012
[4,   202] beta loss: 3133490.75493
[4,   303] loss: 0.47825
[4,   303] beta loss: 3138565.71875
[4,   404] loss: 0.47936
[4,   404] beta loss: 3142066.26852
Time elapsed: 0h:51m:17s
train balanced_accuracy_score: 79.25 %
train accuracy_score: 81.67 %
train explained_deviance: 31.41 %
train mz_rsquare: 40.87 %
val loss: 0.48539
val balanced_accuracy_score: 74.92 %
val accuracy_score: 77.75 %
val explained_deviance: 25.41 %
val mz_rsquare: 39.62 %
[5,   101] loss: 0.43312
[5,   101] beta loss: 3124903.72059
[5,   202] loss: 0.43406
[5,   202] beta loss: 3128972.15394
[5,   303] loss: 0.44327
[5,   303] beta loss: 3130247.94243
[5,   404] loss: 0.44915
[5,   404] beta loss: 3128438.97284
Time elapsed: 1h:1m:43s
train balanced_accuracy_score: 75.91 %
train accuracy_score: 77.50 %
train explained_deviance: 25.43 %
train mz_rsquare: 43.36 %
val loss: 0.51952
val balanced_accuracy_score: 74.47 %
val accuracy_score: 74.47 %
val explained_deviance: 20.17 %
val mz_rsquare: 37.51 %
[6,   101] loss: 0.40075
[6,   101] beta loss: 3109490.71569
[6,   202] loss: 0.42482
[6,   202] beta loss: 3117522.18596
[6,   303] loss: 0.42616
[6,   303] beta loss: 3112880.72039
[6,   404] loss: 0.42811
[6,   404] beta loss: 3113087.80432
Time elapsed: 1h:12m:15s
train balanced_accuracy_score: 78.64 %
train accuracy_score: 80.00 %
train explained_deviance: 32.92 %
train mz_rsquare: 47.01 %
val loss: 0.53301
val balanced_accuracy_score: 73.35 %
val accuracy_score: 74.71 %
val explained_deviance: 18.10 %
val mz_rsquare: 45.20 %
[7,   101] loss: 0.39959
[7,   101] beta loss: 3103948.11765
[7,   202] loss: 0.40103
[7,   202] beta loss: 3096950.67365
[7,   303] loss: 0.40411
[7,   303] beta loss: 3095844.08059
[7,   404] loss: 0.40912
[7,   404] beta loss: 3095726.89074
Time elapsed: 1h:22m:48s
train balanced_accuracy_score: 68.92 %
train accuracy_score: 73.33 %
train explained_deviance: 22.78 %
train mz_rsquare: 45.83 %
val loss: 0.53751
val balanced_accuracy_score: 67.20 %
val accuracy_score: 74.53 %
val explained_deviance: 17.41 %
val mz_rsquare: 36.12 %
[8,   101] loss: 0.34983
[8,   101] beta loss: 3099846.82598
[8,   202] loss: 0.36241
[8,   202] beta loss: 3098420.37438
[8,   303] loss: 0.37586
[8,   303] beta loss: 3091964.62418
[8,   404] loss: 0.38117
[8,   404] beta loss: 3091145.13086
Time elapsed: 1h:33m:24s
train balanced_accuracy_score: 78.75 %
train accuracy_score: 82.50 %
train explained_deviance: 39.12 %
train mz_rsquare: 50.73 %
val loss: 0.55138
val balanced_accuracy_score: 73.02 %
val accuracy_score: 74.28 %
val explained_deviance: 15.28 %
val mz_rsquare: 51.33 %
[9,   101] loss: 0.34438
[9,   101] beta loss: 3088722.67402
[9,   202] loss: 0.34577
[9,   202] beta loss: 3081178.05296
[9,   303] loss: 0.33914
[9,   303] beta loss: 3074915.64391
[9,   404] loss: 0.34857
[9,   404] beta loss: 3072055.32778
Time elapsed: 1h:43m:57s
train balanced_accuracy_score: 83.05 %
train accuracy_score: 85.83 %
train explained_deviance: 44.98 %
train mz_rsquare: 56.06 %
val loss: 0.57431
val balanced_accuracy_score: 68.64 %
val accuracy_score: 75.08 %
val explained_deviance: 11.75 %
val mz_rsquare: 48.62 %
[10,   101] loss: 0.31718
[10,   101] beta loss: 3080585.30392
[10,   202] loss: 0.32545
[10,   202] beta loss: 3083878.97537
[10,   303] loss: 0.32442
[10,   303] beta loss: 3088525.48109
[10,   404] loss: 0.33020
[10,   404] beta loss: 3085541.25062
Time elapsed: 1h:54m:28s
train balanced_accuracy_score: 85.18 %
train accuracy_score: 87.50 %
train explained_deviance: 45.48 %
train mz_rsquare: 58.54 %
val loss: 0.58743
val balanced_accuracy_score: 67.81 %
val accuracy_score: 73.26 %
val explained_deviance: 9.74 %
val mz_rsquare: 51.12 %
[11,   101] loss: 0.28955
[11,   101] beta loss: 3079890.16912
[11,   202] loss: 0.30705
[11,   202] beta loss: 3083284.23153
[11,   303] loss: 0.30484
[11,   303] beta loss: 3080217.98931
[11,   404] loss: 0.30798
[11,   404] beta loss: 3080053.92284
Time elapsed: 2h:4m:57s
train balanced_accuracy_score: 94.64 %
train accuracy_score: 95.83 %
train explained_deviance: 72.34 %
train mz_rsquare: 63.30 %
val loss: 0.61243
val balanced_accuracy_score: 69.53 %
val accuracy_score: 72.48 %
val explained_deviance: 5.89 %
val mz_rsquare: 60.30 %
[12,   101] loss: 0.24600
[12,   101] beta loss: 3086412.65441
[12,   202] loss: 0.25929
[12,   202] beta loss: 3073879.97044
[12,   303] loss: 0.26421
[12,   303] beta loss: 3072199.21053
[12,   404] loss: 0.27287
[12,   404] beta loss: 3070086.16667
Time elapsed: 2h:15m:29s
train balanced_accuracy_score: 91.50 %
train accuracy_score: 94.17 %
train explained_deviance: 66.82 %
train mz_rsquare: 68.64 %
val loss: 0.60887
val balanced_accuracy_score: 71.38 %
val accuracy_score: 73.17 %
val explained_deviance: 6.44 %
val mz_rsquare: 61.85 %
[13,   101] loss: 0.24859
[13,   101] beta loss: 3039273.61275
[13,   202] loss: 0.25536
[13,   202] beta loss: 3045082.32389
[13,   303] loss: 0.25881
[13,   303] beta loss: 3055566.50411
[13,   404] loss: 0.25610
[13,   404] beta loss: 3059867.09383
Time elapsed: 2h:26m:1s
train balanced_accuracy_score: 88.96 %
train accuracy_score: 91.67 %
train explained_deviance: 59.88 %
train mz_rsquare: 67.40 %
val loss: 0.70023
val balanced_accuracy_score: 70.94 %
val accuracy_score: 71.61 %
val explained_deviance: -7.60 %
val mz_rsquare: 69.00 %
[14,   101] loss: 0.21991
[14,   101] beta loss: 3062211.00980
[14,   202] loss: 0.24354
[14,   202] beta loss: 3061805.74631
[14,   303] loss: 0.24238
[14,   303] beta loss: 3055949.50329
[14,   404] loss: 0.24723
[14,   404] beta loss: 3051071.54444
Time elapsed: 2h:36m:33s
train balanced_accuracy_score: 92.24 %
train accuracy_score: 93.33 %
train explained_deviance: 57.18 %
train mz_rsquare: 71.42 %
val loss: 0.68534
val balanced_accuracy_score: 67.41 %
val accuracy_score: 72.95 %
val explained_deviance: -5.31 %
val mz_rsquare: 62.41 %
[15,   101] loss: 0.21354
[15,   101] beta loss: 3046036.60294
[15,   202] loss: 0.21281
[15,   202] beta loss: 3038534.96552
[15,   303] loss: 0.21634
[15,   303] beta loss: 3038105.63569
[15,   404] loss: 0.22104
[15,   404] beta loss: 3032873.99074
Time elapsed: 2h:47m:10s
train balanced_accuracy_score: 84.55 %
train accuracy_score: 85.83 %
train explained_deviance: 51.44 %
train mz_rsquare: 74.47 %
val loss: 0.73378
val balanced_accuracy_score: 67.29 %
val accuracy_score: 72.70 %
val explained_deviance: -12.75 %
val mz_rsquare: 68.15 %
[16,   101] loss: 0.19579
[16,   101] beta loss: 3039712.62010
[16,   202] loss: 0.19200
[16,   202] beta loss: 3041055.12808
[16,   303] loss: 0.19939
[16,   303] beta loss: 3045970.62418
[16,   404] loss: 0.20539
[16,   404] beta loss: 3048525.26790
Time elapsed: 2h:57m:44s
train balanced_accuracy_score: 88.10 %
train accuracy_score: 90.00 %
train explained_deviance: 56.60 %
train mz_rsquare: 74.77 %
val loss: 0.71407
val balanced_accuracy_score: 64.64 %
val accuracy_score: 71.94 %
val explained_deviance: -9.72 %
val mz_rsquare: 63.15 %
[17,   101] loss: 0.16600
[17,   101] beta loss: 3040053.39951
[17,   202] loss: 0.18332
[17,   202] beta loss: 3045716.00246
[17,   303] loss: 0.18578
[17,   303] beta loss: 3047791.31250
[17,   404] loss: 0.19690
[17,   404] beta loss: 3044733.23704
Time elapsed: 3h:8m:17s
train balanced_accuracy_score: 91.34 %
train accuracy_score: 92.50 %
train explained_deviance: 63.97 %
train mz_rsquare: 77.42 %
val loss: 0.92723
val balanced_accuracy_score: 69.34 %
val accuracy_score: 67.39 %
val explained_deviance: -42.48 %
val mz_rsquare: 74.54 %
[18,   101] loss: 0.17333
[18,   101] beta loss: 3048070.69363
[18,   202] loss: 0.16569
[18,   202] beta loss: 3050450.37931
[18,   303] loss: 0.16975
[18,   303] beta loss: 3054507.25740
[18,   404] loss: 0.17906
[18,   404] beta loss: 3052199.06790
Time elapsed: 3h:18m:46s
train balanced_accuracy_score: 92.13 %
train accuracy_score: 93.33 %
train explained_deviance: 72.70 %
train mz_rsquare: 80.58 %
val loss: 0.87534
val balanced_accuracy_score: 69.11 %
val accuracy_score: 69.03 %
val explained_deviance: -34.50 %
val mz_rsquare: 76.27 %
[19,   101] loss: 0.14600
[19,   101] beta loss: 3047850.60784
[19,   202] loss: 0.14513
[19,   202] beta loss: 3051004.22167
[19,   303] loss: 0.15329
[19,   303] beta loss: 3042458.77714
[19,   404] loss: 0.16474
[19,   404] beta loss: 3042754.51173
Time elapsed: 3h:29m:18s
train balanced_accuracy_score: 90.51 %
train accuracy_score: 90.83 %
train explained_deviance: 62.24 %
train mz_rsquare: 79.10 %
val loss: 0.80174
val balanced_accuracy_score: 69.13 %
val accuracy_score: 71.92 %
val explained_deviance: -23.20 %
val mz_rsquare: 74.43 %
[20,   101] loss: 0.13757
[20,   101] beta loss: 3075722.30392
[20,   202] loss: 0.15729
[20,   202] beta loss: 3059362.26355
[20,   303] loss: 0.15845
[20,   303] beta loss: 3059000.00164
[20,   404] loss: 0.16480
[20,   404] beta loss: 3057514.55802
Time elapsed: 3h:39m:48s
train balanced_accuracy_score: 95.75 %
train accuracy_score: 95.83 %
train explained_deviance: 83.78 %
train mz_rsquare: 80.64 %
val loss: 0.74527
val balanced_accuracy_score: 69.51 %
val accuracy_score: 71.57 %
val explained_deviance: -14.52 %
val mz_rsquare: 73.76 %
[21,   101] loss: 0.12433
[21,   101] beta loss: 3039962.86765
[21,   202] loss: 0.14202
[21,   202] beta loss: 3041918.44089
[21,   303] loss: 0.14836
[21,   303] beta loss: 3040813.57730
[21,   404] loss: 0.14841
[21,   404] beta loss: 3041018.63951
Time elapsed: 3h:50m:19s
train balanced_accuracy_score: 93.86 %
train accuracy_score: 95.00 %
train explained_deviance: 78.43 %
train mz_rsquare: 81.05 %
val loss: 0.99169
val balanced_accuracy_score: 61.84 %
val accuracy_score: 71.00 %
val explained_deviance: -52.38 %
val mz_rsquare: 67.63 %
[22,   101] loss: 0.12527
[22,   101] beta loss: 3048686.74265
[22,   202] loss: 0.13386
[22,   202] beta loss: 3048806.94581
[22,   303] loss: 0.14616
[22,   303] beta loss: 3045432.10115
[22,   404] loss: 0.14408
[22,   404] beta loss: 3047765.56605
Time elapsed: 4h:0m:51s
train balanced_accuracy_score: 93.66 %
train accuracy_score: 95.00 %
train explained_deviance: 83.96 %
train mz_rsquare: 81.69 %
val loss: 0.87426
val balanced_accuracy_score: 68.21 %
val accuracy_score: 71.22 %
val explained_deviance: -34.34 %
val mz_rsquare: 78.33 %
[23,   101] loss: 0.09470
[23,   101] beta loss: 3077303.11029
[23,   202] loss: 0.11742
[23,   202] beta loss: 3062099.55172
[23,   303] loss: 0.12999
[23,   303] beta loss: 3051740.60362
[23,   404] loss: 0.13089
[23,   404] beta loss: 3054641.52407
Time elapsed: 4h:11m:25s
train balanced_accuracy_score: 94.40 %
train accuracy_score: 94.17 %
train explained_deviance: 71.43 %
train mz_rsquare: 83.06 %
val loss: 1.06902
val balanced_accuracy_score: 68.03 %
val accuracy_score: 65.54 %
val explained_deviance: -64.27 %
val mz_rsquare: 79.74 %
[24,   101] loss: 0.10968
[24,   101] beta loss: 3052153.31863
[24,   202] loss: 0.10671
[24,   202] beta loss: 3054851.40148
[24,   303] loss: 0.11959
[24,   303] beta loss: 3056014.65789
[24,   404] loss: 0.12561
[24,   404] beta loss: 3053827.62469
Time elapsed: 4h:21m:58s
train balanced_accuracy_score: 93.00 %
train accuracy_score: 93.33 %
train explained_deviance: 70.25 %
train mz_rsquare: 84.58 %
val loss: 0.91290
val balanced_accuracy_score: 67.38 %
val accuracy_score: 68.88 %
val explained_deviance: -40.28 %
val mz_rsquare: 78.32 %
[25,   101] loss: 0.11627
[25,   101] beta loss: 3054295.10539
[25,   202] loss: 0.11748
[25,   202] beta loss: 3051111.20197
[25,   303] loss: 0.12442
[25,   303] beta loss: 3043944.73520
[25,   404] loss: 0.12517
[25,   404] beta loss: 3043461.18333
Time elapsed: 4h:32m:25s
train balanced_accuracy_score: 96.87 %
train accuracy_score: 96.67 %
train explained_deviance: 77.64 %
train mz_rsquare: 83.75 %
val loss: 0.93752
val balanced_accuracy_score: 65.89 %
val accuracy_score: 71.90 %
val explained_deviance: -44.06 %
val mz_rsquare: 77.16 %
[26,   101] loss: 0.11306
[26,   101] beta loss: 3048000.08333
[26,   202] loss: 0.11435
[26,   202] beta loss: 3039473.59236
[26,   303] loss: 0.11958
[26,   303] beta loss: 3035151.24178
[26,   404] loss: 0.12290
[26,   404] beta loss: 3038061.45247
Time elapsed: 4h:43m:0s
train balanced_accuracy_score: 96.53 %
train accuracy_score: 96.67 %
train explained_deviance: 78.55 %
train mz_rsquare: 85.20 %
val loss: 0.84474
val balanced_accuracy_score: 68.99 %
val accuracy_score: 70.59 %
val explained_deviance: -29.80 %
val mz_rsquare: 77.00 %
[27,   101] loss: 0.08119
[27,   101] beta loss: 3061836.90441
[27,   202] loss: 0.09269
[27,   202] beta loss: 3056716.78202
[27,   303] loss: 0.10441
[27,   303] beta loss: 3047375.00493
[27,   404] loss: 0.10554
[27,   404] beta loss: 3045386.06481
Time elapsed: 4h:53m:33s
train balanced_accuracy_score: 98.25 %
train accuracy_score: 98.33 %
train explained_deviance: 86.82 %
train mz_rsquare: 84.65 %
val loss: 0.97884
val balanced_accuracy_score: 69.18 %
val accuracy_score: 70.61 %
val explained_deviance: -50.41 %
val mz_rsquare: 81.55 %
[28,   101] loss: 0.11374
[28,   101] beta loss: 3051657.59804
[28,   202] loss: 0.11087
[28,   202] beta loss: 3052900.25000
[28,   303] loss: 0.10657
[28,   303] beta loss: 3057695.47039
[28,   404] loss: 0.11172
[28,   404] beta loss: 3054307.33025
Time elapsed: 5h:4m:3s
train balanced_accuracy_score: 96.38 %
train accuracy_score: 96.67 %
train explained_deviance: 87.52 %
train mz_rsquare: 85.70 %
val loss: 0.93611
val balanced_accuracy_score: 66.86 %
val accuracy_score: 71.08 %
val explained_deviance: -43.84 %
val mz_rsquare: 79.49 %
[29,   101] loss: 0.07578
[29,   101] beta loss: 3058684.95343
[29,   202] loss: 0.08654
[29,   202] beta loss: 3061611.17611
[29,   303] loss: 0.09746
[29,   303] beta loss: 3056956.96217
[29,   404] loss: 0.10578
[29,   404] beta loss: 3051429.00370
Time elapsed: 5h:14m:34s
train balanced_accuracy_score: 98.07 %
train accuracy_score: 98.33 %
train explained_deviance: 88.43 %
train mz_rsquare: 86.51 %
val loss: 1.01513
val balanced_accuracy_score: 65.63 %
val accuracy_score: 70.11 %
val explained_deviance: -55.99 %
val mz_rsquare: 80.24 %
[30,   101] loss: 0.08070
[30,   101] beta loss: 3060600.34804
[30,   202] loss: 0.07668
[30,   202] beta loss: 3060540.87315
[30,   303] loss: 0.07446
[30,   303] beta loss: 3065493.35773
[30,   404] loss: 0.07051
[30,   404] beta loss: 3070508.74074
Time elapsed: 5h:25m:2s
train balanced_accuracy_score: 100.00 %
train accuracy_score: 100.00 %
train explained_deviance: 95.93 %
train mz_rsquare: 86.94 %
val loss: 1.07161
val balanced_accuracy_score: 67.65 %
val accuracy_score: 69.25 %
val explained_deviance: -64.66 %
val mz_rsquare: 84.22 %
[31,   101] loss: 0.04721
[31,   101] beta loss: 3074001.32598
[31,   202] loss: 0.04956
[31,   202] beta loss: 3080240.03325
[31,   303] loss: 0.05210
[31,   303] beta loss: 3083176.13487
[31,   404] loss: 0.05030
[31,   404] beta loss: 3083528.03951
Time elapsed: 5h:35m:32s
train balanced_accuracy_score: 99.37 %
train accuracy_score: 99.17 %
train explained_deviance: 94.19 %
train mz_rsquare: 88.96 %
val loss: 1.09347
val balanced_accuracy_score: 67.63 %
val accuracy_score: 69.91 %
val explained_deviance: -68.02 %
val mz_rsquare: 85.16 %
[32,   101] loss: 0.05105
[32,   101] beta loss: 3075581.29412
[32,   202] loss: 0.04603
[32,   202] beta loss: 3075989.23153
[32,   303] loss: 0.04285
[32,   303] beta loss: 3075470.61431
[32,   404] loss: 0.04138
[32,   404] beta loss: 3074796.60185
Time elapsed: 5h:46m:1s
train balanced_accuracy_score: 95.57 %
train accuracy_score: 95.83 %
train explained_deviance: 87.80 %
train mz_rsquare: 89.55 %
val loss: 1.14208
val balanced_accuracy_score: 67.78 %
val accuracy_score: 71.20 %
val explained_deviance: -75.49 %
val mz_rsquare: 86.03 %
[33,   101] loss: 0.03564
[33,   101] beta loss: 3071255.09314
[33,   202] loss: 0.04138
[33,   202] beta loss: 3070030.41749
[33,   303] loss: 0.03786
[33,   303] beta loss: 3071141.51562
[33,   404] loss: 0.03540
[33,   404] beta loss: 3074319.10617
Time elapsed: 5h:56m:39s
train balanced_accuracy_score: 100.00 %
train accuracy_score: 100.00 %
train explained_deviance: 98.86 %
train mz_rsquare: 90.04 %
val loss: 1.19936
val balanced_accuracy_score: 67.82 %
val accuracy_score: 70.69 %
val explained_deviance: -84.29 %
val mz_rsquare: 87.03 %
[34,   101] loss: 0.03440
[34,   101] beta loss: 3068758.00245
[34,   202] loss: 0.03179
[34,   202] beta loss: 3067445.37315
[34,   303] loss: 0.03161
[34,   303] beta loss: 3060180.82401
[34,   404] loss: 0.02889
[34,   404] beta loss: 3056511.30494
Time elapsed: 6h:7m:15s
train balanced_accuracy_score: 100.00 %
train accuracy_score: 100.00 %
train explained_deviance: 98.64 %
train mz_rsquare: 90.76 %
val loss: 1.23044
val balanced_accuracy_score: 67.39 %
val accuracy_score: 71.33 %
val explained_deviance: -89.07 %
val mz_rsquare: 87.02 %
[35,   101] loss: 0.02573
[35,   101] beta loss: 3054314.20833
[35,   202] loss: 0.02757
[35,   202] beta loss: 3056168.50616
[35,   303] loss: 0.02616
[35,   303] beta loss: 3053408.20806
[35,   404] loss: 0.02552
[35,   404] beta loss: 3053413.54383
Time elapsed: 6h:17m:52s
train balanced_accuracy_score: 100.00 %
train accuracy_score: 100.00 %
train explained_deviance: 99.25 %
train mz_rsquare: 91.18 %
val loss: 1.26918
val balanced_accuracy_score: 67.86 %
val accuracy_score: 71.65 %
val explained_deviance: -95.02 %
val mz_rsquare: 87.69 %
Early stopping with window mode at epoch 35.
Best results were achieved at epoch 20 with val metric score = 0.6950585457701417.
Best window of size 2 achieved a mean result of 0.6931758506053163 and started at epoch 19.
Total time elapsed: 6h:19m:1s
Writing model to disk...
----------------------
Re-evaluatiing on validation data: 
----------------------
eval loss: 1.26918
eval balanced_accuracy_score: 67.86 %
eval accuracy_score: 71.65 %
eval explained_deviance: -95.02 %
eval mz_rsquare: 87.69 %
----------------------
Evaluation on holdout data: 
----------------------
eval loss: 2.11961
eval balanced_accuracy_score: 55.57 %
eval accuracy_score: 56.77 %
eval explained_deviance: -206.83 %
eval mz_rsquare: 87.64 %
---------------- CNNpipeline completed ----------------
RAN FOR 6:27:46s
