START_TIME 	 12:19::33
dataset loaded successfully in 17m:58s..
Starting CNN_PIPELINE() with:                
{'run_id': 'run0', 'model': 'ResNet50DeepRepViz', 'model_params': {'out_classes': 1, 'task_type': 'classif_binary', 'freeze_feature_extractor': False, 'pretrained_model': '/ritter/share/data/UKBB_2020/trained_model/r3d50_K_200ep.pth'}, 'model_unique_name': 'ResNet50_alc_binary', 'inp': 'X', 'out': 'highalc', 'n_samples': 14617, 'm__batch_size': 20, 'm__num_epochs': 120, 'm__criterion': "BCEWithLogitsLoss({'reduction': 'mean'})", 'm__optimizer': "Adam({'lr': 0.0005, 'weight_decay': 0.0001})", 'm__scheduler': "StepLR({'step_size': 20, 'gamma': 0.1})", 'm__augmentations': ['SagittalFlip', 'SagittalTranslate'], 'm__earlystop_patience': 15}                
output_dir: /ritter/share/projects/gonzalo/thesis/ML_for_alcohol_misuse/CNNpipeline/results//confounds_ukbb_alc-classif-binary_-t1mniz2-l-highalcl0u2-bingeauditl1u3-alcfreq-c-sex-age-n14617/20230128-1219                
using GPU:  cuda:3                 
---------------- CNNpipeline starting ----------------
:: m__n_params:    48205073
[0,   122] loss: 0.66411
[0,   244] loss: 0.66574
[0,   366] loss: 0.66197
Time elapsed: 0h:5m:55s
train balanced_accuracy_score: 48.90 %
train accuracy_score: 53.75 %
train mz_rsquare: 2.94 %
val loss: 0.65181
val balanced_accuracy_score: 50.00 %
val accuracy_score: 64.46 %
val mz_rsquare: 0.09 %
[1,   122] loss: 0.65796
[1,   244] loss: 0.65628
[1,   366] loss: 0.65508
Time elapsed: 0h:13m:10s
train balanced_accuracy_score: 50.00 %
train accuracy_score: 68.75 %
train mz_rsquare: 1.17 %
val loss: 0.65077
val balanced_accuracy_score: 50.00 %
val accuracy_score: 64.46 %
val mz_rsquare: 0.01 %
[2,   122] loss: 0.64584
[2,   244] loss: 0.65322
[2,   366] loss: 0.65256
Time elapsed: 0h:19m:54s
train balanced_accuracy_score: 50.00 %
train accuracy_score: 62.50 %
train mz_rsquare: 1.12 %
val loss: 0.65171
val balanced_accuracy_score: 50.00 %
val accuracy_score: 64.46 %
val mz_rsquare: 0.00 %
[3,   122] loss: 0.64493
[3,   244] loss: 0.65160
[3,   366] loss: 0.65035
Time elapsed: 0h:26m:40s
train balanced_accuracy_score: 50.00 %
train accuracy_score: 73.75 %
train mz_rsquare: 0.49 %
val loss: 0.65237
val balanced_accuracy_score: 50.00 %
val accuracy_score: 64.46 %
val mz_rsquare: 0.01 %
[4,   122] loss: 0.65402
[4,   244] loss: 0.65608
[4,   366] loss: 0.65208
Time elapsed: 0h:33m:24s
train balanced_accuracy_score: 50.00 %
train accuracy_score: 75.00 %
train mz_rsquare: 0.45 %
val loss: 0.65314
val balanced_accuracy_score: 50.00 %
val accuracy_score: 64.46 %
val mz_rsquare: 0.27 %
[5,   122] loss: 0.66003
[5,   244] loss: 0.64749
[5,   366] loss: 0.65163
Time elapsed: 0h:40m:6s
train balanced_accuracy_score: 50.00 %
train accuracy_score: 63.75 %
train mz_rsquare: 0.80 %
val loss: 0.65080
val balanced_accuracy_score: 50.00 %
val accuracy_score: 64.46 %
val mz_rsquare: 0.00 %
[6,   122] loss: 0.64090
[6,   244] loss: 0.64944
[6,   366] loss: 0.65070
Time elapsed: 0h:47m:1s
train balanced_accuracy_score: 50.00 %
train accuracy_score: 67.50 %
train mz_rsquare: 0.24 %
val loss: 0.65450
val balanced_accuracy_score: 50.00 %
val accuracy_score: 64.46 %
val mz_rsquare: 0.00 %
[7,   122] loss: 0.65418
[7,   244] loss: 0.65744
[7,   366] loss: 0.65498
Time elapsed: 0h:53m:50s
train balanced_accuracy_score: 50.00 %
train accuracy_score: 70.00 %
train mz_rsquare: 0.17 %
val loss: 0.65267
val balanced_accuracy_score: 50.00 %
val accuracy_score: 64.46 %
val mz_rsquare: 0.00 %
[8,   122] loss: 0.65464
[8,   244] loss: 0.65640
[8,   366] loss: 0.65346
Time elapsed: 1h:0m:37s
train balanced_accuracy_score: 50.00 %
train accuracy_score: 73.75 %
train mz_rsquare: 0.27 %
val loss: 0.65070
val balanced_accuracy_score: 50.00 %
val accuracy_score: 64.46 %
val mz_rsquare: 0.00 %
[9,   122] loss: 0.64665
[9,   244] loss: 0.65618
[9,   366] loss: 0.65512
Time elapsed: 1h:7m:22s
train balanced_accuracy_score: 50.00 %
train accuracy_score: 68.75 %
train mz_rsquare: 0.21 %
val loss: 0.65334
val balanced_accuracy_score: 50.00 %
val accuracy_score: 64.46 %
val mz_rsquare: 0.00 %
[10,   122] loss: 0.65222
[10,   244] loss: 0.65248
[10,   366] loss: 0.65167
Time elapsed: 1h:14m:15s
train balanced_accuracy_score: 50.00 %
train accuracy_score: 70.00 %
train mz_rsquare: 0.19 %
val loss: 0.65059
val balanced_accuracy_score: 50.00 %
val accuracy_score: 64.46 %
val mz_rsquare: 0.03 %
[11,   122] loss: 0.65249
[11,   244] loss: 0.64968
[11,   366] loss: 0.65105
Time elapsed: 1h:21m:19s
train balanced_accuracy_score: 50.00 %
train accuracy_score: 60.00 %
train mz_rsquare: 0.09 %
val loss: 0.65173
val balanced_accuracy_score: 50.00 %
val accuracy_score: 64.46 %
val mz_rsquare: 0.01 %
[12,   122] loss: 0.65249
[12,   244] loss: 0.65384
[12,   366] loss: 0.65085
Time elapsed: 1h:28m:22s
train balanced_accuracy_score: 50.00 %
train accuracy_score: 70.00 %
train mz_rsquare: 0.23 %
val loss: 0.65854
val balanced_accuracy_score: 50.00 %
val accuracy_score: 64.46 %
val mz_rsquare: 2.75 %
[13,   122] loss: 0.64174
[13,   244] loss: 0.64648
[13,   366] loss: 0.64847
Time elapsed: 1h:35m:20s
train balanced_accuracy_score: 50.00 %
train accuracy_score: 60.00 %
train mz_rsquare: 0.50 %
val loss: 0.65188
val balanced_accuracy_score: 50.00 %
val accuracy_score: 64.46 %
val mz_rsquare: 0.00 %
[14,   122] loss: 0.65293
[14,   244] loss: 0.65227
[14,   366] loss: 0.65309
Time elapsed: 1h:42m:19s
train balanced_accuracy_score: 50.00 %
train accuracy_score: 63.75 %
train mz_rsquare: 0.09 %
val loss: 0.65043
val balanced_accuracy_score: 50.00 %
val accuracy_score: 64.46 %
val mz_rsquare: 0.47 %
[15,   122] loss: 0.64240
[15,   244] loss: 0.64655
[15,   366] loss: 0.64986
Time elapsed: 1h:49m:17s
train balanced_accuracy_score: 50.00 %
train accuracy_score: 68.75 %
train mz_rsquare: 0.07 %
val loss: 0.65552
val balanced_accuracy_score: 50.00 %
val accuracy_score: 64.46 %
val mz_rsquare: 0.97 %
[16,   122] loss: 0.64769
[16,   244] loss: 0.65197
[16,   366] loss: 0.65085
Time elapsed: 1h:55m:55s
train balanced_accuracy_score: 50.00 %
train accuracy_score: 56.25 %
train mz_rsquare: 0.13 %
val loss: 0.71652
val balanced_accuracy_score: 50.00 %
val accuracy_score: 64.46 %
val mz_rsquare: 0.01 %
[17,   122] loss: 0.65373
[17,   244] loss: 0.65378
[17,   366] loss: 0.65058
Time elapsed: 2h:2m:31s
train balanced_accuracy_score: 50.00 %
train accuracy_score: 62.50 %
train mz_rsquare: 0.05 %
val loss: 0.65727
val balanced_accuracy_score: 50.00 %
val accuracy_score: 64.46 %
val mz_rsquare: 0.00 %
[18,   122] loss: 0.65767
[18,   244] loss: 0.65094
[18,   366] loss: 0.65256
Time elapsed: 2h:9m:12s
train balanced_accuracy_score: 50.00 %
train accuracy_score: 68.75 %
train mz_rsquare: 0.26 %
val loss: 0.65057
val balanced_accuracy_score: 50.00 %
val accuracy_score: 64.46 %
val mz_rsquare: 0.00 %
[19,   122] loss: 0.64556
[19,   244] loss: 0.65322
[19,   366] loss: 0.65310
Time elapsed: 2h:15m:49s
train balanced_accuracy_score: 50.00 %
train accuracy_score: 68.75 %
train mz_rsquare: 0.09 %
val loss: 0.65097
val balanced_accuracy_score: 50.00 %
val accuracy_score: 64.46 %
val mz_rsquare: 0.00 %
[20,   122] loss: 0.65409
[20,   244] loss: 0.65228
[20,   366] loss: 0.65152
Time elapsed: 2h:22m:26s
train balanced_accuracy_score: 50.00 %
train accuracy_score: 65.00 %
train mz_rsquare: 0.01 %
val loss: 0.65055
val balanced_accuracy_score: 50.00 %
val accuracy_score: 64.46 %
val mz_rsquare: 0.01 %
[21,   122] loss: 0.65207
[21,   244] loss: 0.65782
[21,   366] loss: 0.65276
Time elapsed: 2h:29m:3s
train balanced_accuracy_score: 50.00 %
train accuracy_score: 55.00 %
train mz_rsquare: 0.06 %
val loss: 0.65049
val balanced_accuracy_score: 50.00 %
val accuracy_score: 64.46 %
val mz_rsquare: 0.06 %
[22,   122] loss: 0.64488
[22,   244] loss: 0.64875
[22,   366] loss: 0.65002
Time elapsed: 2h:35m:41s
train balanced_accuracy_score: 50.00 %
train accuracy_score: 58.75 %
train mz_rsquare: 0.11 %
val loss: 0.65000
val balanced_accuracy_score: 50.00 %
val accuracy_score: 64.46 %
val mz_rsquare: 0.04 %
[23,   122] loss: 0.64670
[23,   244] loss: 0.64099
[23,   366] loss: 0.64341
Time elapsed: 2h:42m:18s
train balanced_accuracy_score: 50.00 %
train accuracy_score: 55.00 %
train mz_rsquare: 0.78 %
val loss: 0.64389
val balanced_accuracy_score: 50.00 %
val accuracy_score: 64.46 %
val mz_rsquare: 0.99 %
[24,   122] loss: 0.63669
[24,   244] loss: 0.63852
[24,   366] loss: 0.64084
Time elapsed: 2h:48m:53s
train balanced_accuracy_score: 50.00 %
train accuracy_score: 63.75 %
train mz_rsquare: 1.37 %
val loss: 0.64922
val balanced_accuracy_score: 50.00 %
val accuracy_score: 64.46 %
val mz_rsquare: 1.21 %
[25,   122] loss: 0.62566
[25,   244] loss: 0.62987
[25,   366] loss: 0.63787
Time elapsed: 2h:55m:30s
train balanced_accuracy_score: 50.00 %
train accuracy_score: 55.00 %
train mz_rsquare: 2.15 %
val loss: 0.64480
val balanced_accuracy_score: 50.00 %
val accuracy_score: 64.46 %
val mz_rsquare: 3.75 %
[26,   122] loss: 0.64183
[26,   244] loss: 0.63779
[26,   366] loss: 0.63851
Time elapsed: 3h:2m:7s
train balanced_accuracy_score: 50.00 %
train accuracy_score: 67.50 %
train mz_rsquare: 2.76 %
val loss: 0.63982
val balanced_accuracy_score: 50.00 %
val accuracy_score: 64.46 %
val mz_rsquare: 2.05 %
[27,   122] loss: 0.62976
[27,   244] loss: 0.63504
[27,   366] loss: 0.63743
Time elapsed: 3h:8m:43s
train balanced_accuracy_score: 50.00 %
train accuracy_score: 70.00 %
train mz_rsquare: 2.95 %
val loss: 0.64189
val balanced_accuracy_score: 50.00 %
val accuracy_score: 64.46 %
val mz_rsquare: 4.75 %
[28,   122] loss: 0.64444
[28,   244] loss: 0.63744
[28,   366] loss: 0.63602
Time elapsed: 3h:15m:20s
train balanced_accuracy_score: 50.00 %
train accuracy_score: 60.00 %
train mz_rsquare: 3.63 %
val loss: 0.65003
val balanced_accuracy_score: 49.97 %
val accuracy_score: 64.42 %
val mz_rsquare: 3.80 %
[29,   122] loss: 0.62815
[29,   244] loss: 0.62822
[29,   366] loss: 0.62817
Time elapsed: 3h:21m:55s
train balanced_accuracy_score: 50.00 %
train accuracy_score: 65.00 %
train mz_rsquare: 4.98 %
val loss: 0.63991
val balanced_accuracy_score: 52.00 %
val accuracy_score: 64.83 %
val mz_rsquare: 4.46 %
[30,   122] loss: 0.64153
[30,   244] loss: 0.63252
[30,   366] loss: 0.63031
Time elapsed: 3h:28m:31s
train balanced_accuracy_score: 48.11 %
train accuracy_score: 63.75 %
train mz_rsquare: 4.13 %
val loss: 0.64163
val balanced_accuracy_score: 51.75 %
val accuracy_score: 65.28 %
val mz_rsquare: 7.79 %
[31,   122] loss: 0.62564
[31,   244] loss: 0.62455
[31,   366] loss: 0.62669
Time elapsed: 3h:35m:6s
train balanced_accuracy_score: 58.76 %
train accuracy_score: 71.25 %
train mz_rsquare: 6.31 %
val loss: 0.63195
val balanced_accuracy_score: 55.20 %
val accuracy_score: 65.48 %
val mz_rsquare: 5.39 %
[32,   122] loss: 0.62582
[32,   244] loss: 0.62619
[32,   366] loss: 0.62445
Time elapsed: 3h:41m:44s
train balanced_accuracy_score: 55.61 %
train accuracy_score: 70.00 %
train mz_rsquare: 6.15 %
val loss: 0.63186
val balanced_accuracy_score: 55.35 %
val accuracy_score: 65.63 %
val mz_rsquare: 7.43 %
[33,   122] loss: 0.62155
[33,   244] loss: 0.61698
[33,   366] loss: 0.61957
Time elapsed: 3h:48m:20s
train balanced_accuracy_score: 54.58 %
train accuracy_score: 67.50 %
train mz_rsquare: 7.05 %
val loss: 0.62969
val balanced_accuracy_score: 55.32 %
val accuracy_score: 65.48 %
val mz_rsquare: 7.44 %
[34,   122] loss: 0.62879
[34,   244] loss: 0.62366
[34,   366] loss: 0.62368
Time elapsed: 3h:54m:59s
train balanced_accuracy_score: 54.17 %
train accuracy_score: 67.50 %
train mz_rsquare: 6.71 %
val loss: 0.63122
val balanced_accuracy_score: 57.54 %
val accuracy_score: 65.40 %
val mz_rsquare: 7.48 %
[35,   122] loss: 0.61272
[35,   244] loss: 0.60836
[35,   366] loss: 0.61416
Time elapsed: 4h:1m:34s
train balanced_accuracy_score: 51.99 %
train accuracy_score: 62.50 %
train mz_rsquare: 6.84 %
val loss: 0.62993
val balanced_accuracy_score: 58.52 %
val accuracy_score: 65.09 %
val mz_rsquare: 7.13 %
[36,   122] loss: 0.61667
[36,   244] loss: 0.61819
[36,   366] loss: 0.61574
Time elapsed: 4h:8m:11s
train balanced_accuracy_score: 59.50 %
train accuracy_score: 70.00 %
train mz_rsquare: 8.21 %
val loss: 0.62699
val balanced_accuracy_score: 55.61 %
val accuracy_score: 65.71 %
val mz_rsquare: 9.69 %
[37,   122] loss: 0.61204
[37,   244] loss: 0.61590
[37,   366] loss: 0.61585
Time elapsed: 4h:14m:47s
train balanced_accuracy_score: 46.25 %
train accuracy_score: 53.75 %
train mz_rsquare: 8.60 %
val loss: 0.62954
val balanced_accuracy_score: 59.38 %
val accuracy_score: 64.99 %
val mz_rsquare: 10.52 %
[38,   122] loss: 0.61530
[38,   244] loss: 0.61165
[38,   366] loss: 0.61027
Time elapsed: 4h:21m:22s
train balanced_accuracy_score: 59.90 %
train accuracy_score: 68.75 %
train mz_rsquare: 9.34 %
val loss: 0.62704
val balanced_accuracy_score: 59.52 %
val accuracy_score: 65.48 %
val mz_rsquare: 10.32 %
[39,   122] loss: 0.62197
[39,   244] loss: 0.62072
[39,   366] loss: 0.61634
Time elapsed: 4h:27m:59s
train balanced_accuracy_score: 52.53 %
train accuracy_score: 60.00 %
train mz_rsquare: 7.95 %
val loss: 0.66102
val balanced_accuracy_score: 51.09 %
val accuracy_score: 65.03 %
val mz_rsquare: 7.10 %
[40,   122] loss: 0.61078
[40,   244] loss: 0.60843
[40,   366] loss: 0.60619
Time elapsed: 4h:34m:35s
train balanced_accuracy_score: 57.42 %
train accuracy_score: 62.50 %
train mz_rsquare: 10.22 %
val loss: 0.62149
val balanced_accuracy_score: 58.07 %
val accuracy_score: 66.43 %
val mz_rsquare: 11.63 %
[41,   122] loss: 0.61151
[41,   244] loss: 0.60891
[41,   366] loss: 0.60808
Time elapsed: 4h:41m:10s
train balanced_accuracy_score: 62.33 %
train accuracy_score: 68.75 %
train mz_rsquare: 10.64 %
val loss: 0.61979
val balanced_accuracy_score: 57.31 %
val accuracy_score: 66.39 %
val mz_rsquare: 10.72 %
[42,   122] loss: 0.61213
[42,   244] loss: 0.60362
[42,   366] loss: 0.60509
Time elapsed: 4h:47m:46s
train balanced_accuracy_score: 54.10 %
train accuracy_score: 55.00 %
train mz_rsquare: 10.03 %
val loss: 0.61977
val balanced_accuracy_score: 59.18 %
val accuracy_score: 66.24 %
val mz_rsquare: 11.03 %
[43,   122] loss: 0.60265
[43,   244] loss: 0.60082
[43,   366] loss: 0.60325
Time elapsed: 4h:54m:26s
train balanced_accuracy_score: 63.12 %
train accuracy_score: 75.00 %
train mz_rsquare: 10.70 %
val loss: 0.61939
val balanced_accuracy_score: 58.34 %
val accuracy_score: 66.06 %
val mz_rsquare: 11.72 %
[44,   122] loss: 0.60533
[44,   244] loss: 0.60616
[44,   366] loss: 0.60372
Time elapsed: 5h:1m:2s
train balanced_accuracy_score: 60.16 %
train accuracy_score: 67.50 %
train mz_rsquare: 11.30 %
val loss: 0.61951
val balanced_accuracy_score: 59.14 %
val accuracy_score: 66.24 %
val mz_rsquare: 11.31 %
[45,   122] loss: 0.60063
[45,   244] loss: 0.60416
[45,   366] loss: 0.60457
Time elapsed: 5h:7m:42s
train balanced_accuracy_score: 63.33 %
train accuracy_score: 70.00 %
train mz_rsquare: 11.12 %
val loss: 0.61993
val balanced_accuracy_score: 59.13 %
val accuracy_score: 66.04 %
val mz_rsquare: 12.15 %
[46,   122] loss: 0.59887
[46,   244] loss: 0.60345
[46,   366] loss: 0.60493
Time elapsed: 5h:14m:40s
train balanced_accuracy_score: 54.73 %
train accuracy_score: 66.25 %
train mz_rsquare: 10.46 %
val loss: 0.61854
val balanced_accuracy_score: 58.58 %
val accuracy_score: 66.32 %
val mz_rsquare: 11.72 %
[47,   122] loss: 0.59846
[47,   244] loss: 0.59871
[47,   366] loss: 0.60189
Time elapsed: 5h:21m:37s
train balanced_accuracy_score: 59.17 %
train accuracy_score: 73.75 %
train mz_rsquare: 10.61 %
val loss: 0.61875
val balanced_accuracy_score: 58.32 %
val accuracy_score: 66.26 %
val mz_rsquare: 12.01 %
[48,   122] loss: 0.59782
[48,   244] loss: 0.59689
[48,   366] loss: 0.59828
Time elapsed: 5h:28m:35s
train balanced_accuracy_score: 65.04 %
train accuracy_score: 72.50 %
train mz_rsquare: 10.73 %
val loss: 0.61904
val balanced_accuracy_score: 59.60 %
val accuracy_score: 66.18 %
val mz_rsquare: 11.21 %
[49,   122] loss: 0.60300
[49,   244] loss: 0.60466
[49,   366] loss: 0.60190
Time elapsed: 5h:35m:22s
train balanced_accuracy_score: 56.91 %
train accuracy_score: 58.75 %
train mz_rsquare: 12.87 %
val loss: 0.61808
val balanced_accuracy_score: 59.30 %
val accuracy_score: 66.16 %
val mz_rsquare: 11.50 %
[50,   122] loss: 0.60262
[50,   244] loss: 0.60113
[50,   366] loss: 0.60026
Time elapsed: 5h:42m:15s
train balanced_accuracy_score: 57.10 %
train accuracy_score: 61.25 %
train mz_rsquare: 12.67 %
val loss: 0.61790
val balanced_accuracy_score: 59.55 %
val accuracy_score: 66.37 %
val mz_rsquare: 11.72 %
[51,   122] loss: 0.60365
[51,   244] loss: 0.59985
[51,   366] loss: 0.59933
Time elapsed: 5h:49m:14s
train balanced_accuracy_score: 54.16 %
train accuracy_score: 58.75 %
train mz_rsquare: 12.19 %
val loss: 0.61872
val balanced_accuracy_score: 59.52 %
val accuracy_score: 65.87 %
val mz_rsquare: 11.92 %
[52,   122] loss: 0.59942
[52,   244] loss: 0.59918
[52,   366] loss: 0.60205
Time elapsed: 5h:56m:15s
train balanced_accuracy_score: 69.32 %
train accuracy_score: 75.00 %
train mz_rsquare: 12.62 %
val loss: 0.61848
val balanced_accuracy_score: 59.39 %
val accuracy_score: 66.63 %
val mz_rsquare: 12.76 %
[53,   122] loss: 0.58862
[53,   244] loss: 0.59392
[53,   366] loss: 0.59849
Time elapsed: 6h:3m:15s
train balanced_accuracy_score: 63.33 %
train accuracy_score: 70.00 %
train mz_rsquare: 12.43 %
val loss: 0.61770
val balanced_accuracy_score: 59.23 %
val accuracy_score: 66.06 %
val mz_rsquare: 11.98 %
[54,   122] loss: 0.59771
[54,   244] loss: 0.59655
[54,   366] loss: 0.59926
Time elapsed: 6h:10m:11s
train balanced_accuracy_score: 60.83 %
train accuracy_score: 70.00 %
train mz_rsquare: 11.42 %
val loss: 0.62094
val balanced_accuracy_score: 60.13 %
val accuracy_score: 65.26 %
val mz_rsquare: 12.88 %
[55,   122] loss: 0.59568
[55,   244] loss: 0.59516
[55,   366] loss: 0.59613
Time elapsed: 6h:17m:5s
train balanced_accuracy_score: 62.33 %
train accuracy_score: 68.75 %
train mz_rsquare: 12.59 %
val loss: 0.62037
val balanced_accuracy_score: 60.11 %
val accuracy_score: 65.48 %
val mz_rsquare: 12.86 %
[56,   122] loss: 0.58762
[56,   244] loss: 0.59460
[56,   366] loss: 0.59388
Time elapsed: 6h:24m:1s
train balanced_accuracy_score: 64.57 %
train accuracy_score: 70.00 %
train mz_rsquare: 12.99 %
val loss: 0.61825
val balanced_accuracy_score: 58.67 %
val accuracy_score: 66.32 %
val mz_rsquare: 12.50 %
[57,   122] loss: 0.59133
[57,   244] loss: 0.59765
[57,   366] loss: 0.59573
Time elapsed: 6h:30m:56s
train balanced_accuracy_score: 58.85 %
train accuracy_score: 63.75 %
train mz_rsquare: 13.15 %
val loss: 0.61924
val balanced_accuracy_score: 58.25 %
val accuracy_score: 66.69 %
val mz_rsquare: 13.60 %
[58,   122] loss: 0.59861
[58,   244] loss: 0.59741
[58,   366] loss: 0.59826
Time elapsed: 6h:37m:53s
train balanced_accuracy_score: 64.36 %
train accuracy_score: 75.00 %
train mz_rsquare: 11.47 %
val loss: 0.61922
val balanced_accuracy_score: 59.70 %
val accuracy_score: 66.14 %
val mz_rsquare: 13.70 %
[59,   122] loss: 0.60344
[59,   244] loss: 0.60450
[59,   366] loss: 0.60055
Time elapsed: 6h:44m:48s
train balanced_accuracy_score: 51.28 %
train accuracy_score: 58.75 %
train mz_rsquare: 13.44 %
val loss: 0.61844
val balanced_accuracy_score: 58.42 %
val accuracy_score: 66.32 %
val mz_rsquare: 13.10 %
[60,   122] loss: 0.59309
[60,   244] loss: 0.58915
[60,   366] loss: 0.59325
Time elapsed: 6h:51m:44s
train balanced_accuracy_score: 53.39 %
train accuracy_score: 65.00 %
train mz_rsquare: 11.06 %
val loss: 0.61881
val balanced_accuracy_score: 58.79 %
val accuracy_score: 66.39 %
val mz_rsquare: 13.59 %
[61,   122] loss: 0.60898
[61,   244] loss: 0.59761
[61,   366] loss: 0.59509
Time elapsed: 6h:58m:44s
train balanced_accuracy_score: 60.60 %
train accuracy_score: 66.25 %
train mz_rsquare: 13.47 %
val loss: 0.61829
val balanced_accuracy_score: 59.29 %
val accuracy_score: 66.18 %
val mz_rsquare: 13.23 %
[62,   122] loss: 0.59764
[62,   244] loss: 0.59411
[62,   366] loss: 0.59158
Time elapsed: 7h:5m:38s
train balanced_accuracy_score: 52.18 %
train accuracy_score: 61.25 %
train mz_rsquare: 13.65 %
val loss: 0.61857
val balanced_accuracy_score: 59.61 %
val accuracy_score: 66.06 %
val mz_rsquare: 13.34 %
[63,   122] loss: 0.59931
[63,   244] loss: 0.59684
[63,   366] loss: 0.59998
Time elapsed: 7h:12m:36s
train balanced_accuracy_score: 64.91 %
train accuracy_score: 71.25 %
train mz_rsquare: 13.10 %
val loss: 0.61867
val balanced_accuracy_score: 58.33 %
val accuracy_score: 66.53 %
val mz_rsquare: 13.11 %
[64,   122] loss: 0.60640
[64,   244] loss: 0.59879
[64,   366] loss: 0.60077
Time elapsed: 7h:19m:42s
train balanced_accuracy_score: 59.22 %
train accuracy_score: 63.75 %
train mz_rsquare: 13.31 %
val loss: 0.61896
val balanced_accuracy_score: 59.71 %
val accuracy_score: 65.87 %
val mz_rsquare: 13.45 %
[65,   122] loss: 0.59844
[65,   244] loss: 0.58822
[65,   366] loss: 0.59702
Time elapsed: 7h:26m:50s
train balanced_accuracy_score: 63.76 %
train accuracy_score: 66.25 %
train mz_rsquare: 13.70 %
val loss: 0.61983
val balanced_accuracy_score: 59.95 %
val accuracy_score: 65.63 %
val mz_rsquare: 13.86 %
Early stopping with window mode at epoch 65.
Best results were achieved at epoch 50 with val metric score = 0.6178957508479963.
Best window of size 2 achieved a mean result of 0.6179860491977364 and started at epoch 49.
Total time elapsed: 7h:28m:9s
Writing model to disk...
----------------------
Re-evaluatiing on validation data: 
----------------------
eval loss: 0.61983
eval balanced_accuracy_score: 59.95 %
eval accuracy_score: 65.63 %
eval mz_rsquare: 13.86 %
----------------------
Evaluation on holdout data: 
----------------------
eval loss: 0.68839
eval balanced_accuracy_score: 58.10 %
eval accuracy_score: 59.74 %
eval mz_rsquare: 13.35 %
---------------- CNNpipeline completed ----------------
RAN FOR 7:35:05s
